<?xml version="1.0" encoding="UTF-8"?>
<Site BuildName="Linux-g++-7"
	BuildStamp="20200911-1412-Experimental"
	Name="wzl-virtual-machine"
	Generator="ctest-3.10.2"
	CompilerName="/usr/bin/g++-7"
	CompilerVersion="7.5.0"
	OSName="Linux"
	Hostname="wzl-virtual-machine"
	OSRelease="4.15.0-115-generic"
	OSVersion="#116-Ubuntu SMP Wed Aug 26 14:04:49 UTC 2020"
	OSPlatform="x86_64"
	Is64Bits="1"
	VendorString="GenuineIntel"
	VendorID="Intel Corporation"
	FamilyID="6"
	ModelID="158"
	ProcessorCacheSize="12288"
	NumberOfLogicalCPU="4"
	NumberOfPhysicalCPU="4"
	TotalVirtualMemory="947"
	TotalPhysicalMemory="3921"
	LogicalProcessorsPerPhysical="1"
	ProcessorClockFrequency="3000"
	>
	<Testing>
		<StartDateTime>Sep 11 22:12 CST</StartDateTime>
		<StartTestTime>1599833523</StartTestTime>
		<TestList/>
		<EndDateTime>Sep 11 22:12 CST</EndDateTime>
		<EndTestTime>1599833523</EndTestTime>
		<ElapsedMinutes>0</ElapsedMinutes>
	</Testing>
</Site>
